  Overload 2 of 2, '(values: { name: string | SQL<unknown> | Placeholder<string, any>; gender: string | SQL<unknown> | Placeholder<string, any>; description: string | SQL<unknown> | Placeholder<...>; ... 16 more ...; featured?: boolean | ... 2 more ... | undefined; }[]): PgInsertBase<...>', gave the following error.
    Argument of type '{ name: any; description: any; price: number; originalPrice: number | null; category: any; gender: any; sizes: any[]; colors: any[]; stock: any; media: any; images: any; accessories: any; tags: any; weight: number | null; shippingCost: number; featured: boolean; isActive: boolean; }' is not assignable to parameter of type '{ name: string | SQL<unknown> | Placeholder<string, any>; gender: string | SQL<unknown> | Placeholder<string, any>; description: string | SQL<unknown> | Placeholder<...>; ... 16 more ...; featured?: boolean | ... 2 more ... | undefined; }[]'.
      Type '{ name: any; description: any; price: number; originalPrice: number | null; category: any; gender: any; sizes: any[]; colors: any[]; stock: any; media: any; images: any; accessories: any; tags: any; weight: number | null; shippingCost: number; featured: boolean; isActive: boolean; }' is missing the following properties from type '{ name: string | SQL<unknown> | Placeholder<string, any>; gender: string | SQL<unknown> | Placeholder<string, any>; description: string | SQL<unknown> | Placeholder<...>; ... 16 more ...; featured?: boolean | ... 2 more ... | undefined; }[]': length, pop, push, concat, and 35 more.
server/routes.ts(476,14): error TS2345: Argument of type '{ updatedAt: Date; name: string; gender: "men" | "women" | "unisex"; description: string; price: number; category: string; sizes: string[]; colors: string[]; stock: Record<string, number>; ... 8 more ...; featured?: boolean | undefined; }' is not assignable to parameter of type '{ name?: string | SQL<unknown> | PgColumn<ColumnBaseConfig<ColumnDataType, string>, {}, {}> | undefined; gender?: string | SQL<unknown> | PgColumn<...> | undefined; ... 17 more ...; featured?: boolean | ... 2 more ... | undefined; }'.
  Types of property 'price' are incompatible.
    Type 'number' is not assignable to type 'string | SQL<unknown> | PgColumn<ColumnBaseConfig<ColumnDataType, string>, {}, {}> | undefined'.
server/routes.ts(553,9): error TS2740: Type 'Omit<PgSelectBase<"orders", { id: PgColumn<{ name: "id"; tableName: "orders"; dataType: "number"; columnType: "PgSerial"; data: number; driverParam: number; notNull: true; hasDefault: true; isPrimaryKey: true; isAutoincrement: false; ... 4 more ...; generated: undefined; }, {}, {}>; ... 9 more ...; updatedAt: PgColu...' is missing the following properties from type 'PgSelectBase<"orders", { id: PgColumn<{ name: "id"; tableName: "orders"; dataType: "number"; columnType: "PgSerial"; data: number; driverParam: number; notNull: true; hasDefault: true; isPrimaryKey: true; isAutoincrement: false; ... 4 more ...; generated: undefined; }, {}, {}>; ... 9 more ...; updatedAt: PgColumn<.....': config, joinsNotNullableMap, tableName, isPartialSelect, and 5 more.
server/routes.ts(564,9): error TS2740: Type 'Omit<PgSelectBase<"orders", { count: SQL<number>; }, "partial", Record<"orders", "not-null">, false, "where", { count: number; }[], { count: DrizzleTypeError<"You cannot reference this field without assigning it an alias first - use `.as(<alias>)`">; }>, "where">' is missing the following properties from type 'PgSelectBase<"orders", { count: SQL<number>; }, "partial", Record<"orders", "not-null">, false, never, { count: number; }[], { count: DrizzleTypeError<"You cannot reference this field without assigning it an alias first - use `.as(<alias>)`">; }>': config, joinsNotNullableMap, tableName, isPartialSelect, and 5 more.
Build Completed in /vercel/output [32s]
Deploying outputs...
Deployment completed
Uploading build cache [103.04 MB]...
Build cache uploaded: 1.433s
Exiting build container
